<?xml version="1.0" encoding="UTF-8"?>
<!-- Generated by org.testng.reporters.JUnitReportReporter -->
<testsuite hostname="Mare-MBP" name="br.com.softplan.security.zap.api.authentication.AuthenticationInfoValidatorTest" tests="11" failures="0" timestamp="25 Jan 2018 07:05:05 GMT" time="0.022" errors="0">
  <testcase name="typeMustNotBeNull" time="0.010" classname="br.com.softplan.security.zap.api.authentication.AuthenticationInfoValidatorTest"/>
  <testcase name="warningShouldBeGeneratedIfNoReauthenticationIsPossibleInFormAuthentication" time="0.002" classname="br.com.softplan.security.zap.api.authentication.AuthenticationInfoValidatorTest"/>
  <testcase name="protectedPagesMustNotBeVoidInCasAuthentication" time="0.000" classname="br.com.softplan.security.zap.api.authentication.AuthenticationInfoValidatorTest"/>
  <testcase name="warningShouldBeGeneratedIfNoReauthenticationIsPossibleInCasAuthentication" time="0.001" classname="br.com.softplan.security.zap.api.authentication.AuthenticationInfoValidatorTest"/>
  <testcase name="loginUrlMustNotBeNull" time="0.001" classname="br.com.softplan.security.zap.api.authentication.AuthenticationInfoValidatorTest"/>
  <testcase name="testSimpleCasAuthenticationInfo" time="0.003" classname="br.com.softplan.security.zap.api.authentication.AuthenticationInfoValidatorTest"/>
  <testcase name="infoMustNotBeNull" time="0.000" classname="br.com.softplan.security.zap.api.authentication.AuthenticationInfoValidatorTest"/>
  <testcase name="passwordMustNotBeNull" time="0.001" classname="br.com.softplan.security.zap.api.authentication.AuthenticationInfoValidatorTest"/>
  <testcase name="testSimpleFormAuthenticationInfo" time="0.002" classname="br.com.softplan.security.zap.api.authentication.AuthenticationInfoValidatorTest"/>
  <testcase name="warningShouldBeGeneratedIfProtectedPageIsNotNullInFormAuthentication" time="0.002" classname="br.com.softplan.security.zap.api.authentication.AuthenticationInfoValidatorTest"/>
  <testcase name="usernameMustNotBeNull" time="0.000" classname="br.com.softplan.security.zap.api.authentication.AuthenticationInfoValidatorTest"/>
</testsuite> <!-- br.com.softplan.security.zap.api.authentication.AuthenticationInfoValidatorTest -->
