<?xml version="1.0" encoding="UTF-8"?>
<!-- Generated by org.testng.reporters.JUnitReportReporter -->
<testsuite hostname="Mare-MBP" name="br.com.softplan.security.zap.api.report.ZapReportUtilTest" tests="8" failures="0" timestamp="25 Jan 2018 07:05:05 GMT" time="0.032" errors="0">
  <testcase name="saveHtmlReportTest" time="0.003" classname="br.com.softplan.security.zap.api.report.ZapReportUtilTest"/>
  <testcase name="saveHtmlSpiderResultsInDefaultLocationTest" time="0.001" classname="br.com.softplan.security.zap.api.report.ZapReportUtilTest"/>
  <testcase name="saveHtmlSpiderResultsTest" time="0.001" classname="br.com.softplan.security.zap.api.report.ZapReportUtilTest"/>
  <testcase name="saveXmlSpiderResultsInDefaultLocationTest" time="0.001" classname="br.com.softplan.security.zap.api.report.ZapReportUtilTest"/>
  <testcase name="saveHtmlReportInDefaultLocationTest" time="0.023" classname="br.com.softplan.security.zap.api.report.ZapReportUtilTest"/>
  <testcase name="saveXmlSpiderResultsTest" time="0.001" classname="br.com.softplan.security.zap.api.report.ZapReportUtilTest"/>
  <testcase name="saveXmlReportInDefaultLocationTest" time="0.001" classname="br.com.softplan.security.zap.api.report.ZapReportUtilTest"/>
  <testcase name="saveXmlReportTest" time="0.001" classname="br.com.softplan.security.zap.api.report.ZapReportUtilTest"/>
</testsuite> <!-- br.com.softplan.security.zap.api.report.ZapReportUtilTest -->
