<?xml version="1.0" encoding="UTF-8"?>
<!-- Generated by org.testng.reporters.JUnitReportReporter -->
<testsuite hostname="Mare-MBP" name="br.com.softplan.security.zap.api.authentication.AuthenticationHandlerFactoryTest" tests="2" failures="0" timestamp="25 Jan 2018 07:05:05 GMT" time="0.214" errors="0">
  <testcase name="testFormHandlerCreation" time="0.002" classname="br.com.softplan.security.zap.api.authentication.AuthenticationHandlerFactoryTest"/>
  <testcase name="testCasHandlerCreation" time="0.212" classname="br.com.softplan.security.zap.api.authentication.AuthenticationHandlerFactoryTest"/>
</testsuite> <!-- br.com.softplan.security.zap.api.authentication.AuthenticationHandlerFactoryTest -->
