<?xml version="1.0" encoding="UTF-8"?>
<!-- Generated by org.testng.reporters.JUnitReportReporter -->
<testsuite hostname="Mare-MBP" name="br.com.softplan.security.zap.api.exception.ZapAnalysisTimeoutExceptionTest" tests="3" failures="0" timestamp="25 Jan 2018 07:05:05 GMT" time="0.001" errors="0">
  <testcase name="testMessageConstructor" time="0.000" classname="br.com.softplan.security.zap.api.exception.ZapAnalysisTimeoutExceptionTest"/>
  <testcase name="testThrowableConstructor" time="0.000" classname="br.com.softplan.security.zap.api.exception.ZapAnalysisTimeoutExceptionTest"/>
  <testcase name="testMessageAndThrowableConstructor" time="0.001" classname="br.com.softplan.security.zap.api.exception.ZapAnalysisTimeoutExceptionTest"/>
</testsuite> <!-- br.com.softplan.security.zap.api.exception.ZapAnalysisTimeoutExceptionTest -->
