<?xml version="1.0" encoding="UTF-8"?>
<!-- Generated by org.testng.reporters.JUnitReportReporter -->
<testsuite hostname="Mare-MBP" name="br.com.softplan.security.zap.api.report.ZapReportTest" tests="2" failures="0" timestamp="25 Jan 2018 07:05:05 GMT" time="0.002" errors="0">
  <testcase name="testByteAndStringReportsEquality" time="0.001" classname="br.com.softplan.security.zap.api.report.ZapReportTest"/>
  <testcase name="testReportContents" time="0.001" classname="br.com.softplan.security.zap.api.report.ZapReportTest"/>
</testsuite> <!-- br.com.softplan.security.zap.api.report.ZapReportTest -->
